This is pdfTeX, Version 3.14159265-2.6-1.40.21 (TeX Live 2020) (preloaded format=bpepFormatDS 2022.9.13)  28 OCT 2022 16:49
entering extended mode
 %&-line parsing enabled.
**output.tex
(./output.tex
LaTeX2e <2020-02-02> patch level 5
L3 programming layer <2020-03-06>
Package: vmargin 2004/07/15 V2.5 set document margins (VK)

==============================================================================
JOB NAME         : "output"
CUSTOMISED FORMAT: "bpepFormatDS"
PRELOADED FILES:
extarticle.cls    1996/10/08 v1.0 Non Standard LaTeX document class
  size11.clo    2019/12/20 v1.4l Standard LaTeX file (size option)
 exscale.sty    2018/09/24 v2.1i Standard LaTeX package exscale
/Users/mbrebion/prepa/bpep/fichiers_utiles/raccourcis_communs.sty
 lmodern.sty    2009/10/30 v1.6 Latin Modern Fonts
 fontenc.sty
   t1lmr.fd    2009/10/30 v1.6 Font defs for Latin Modern
inputenc.sty    2018/08/11 v1.3c Input encoding file
   babel.sty    2020/03/22 3.42 The Babel package
 english.ldf    2017/06/06 v3.3r English support from the babel system
  french.ldf    2020/01/30 v3.5g French support from the babel system
scalefnt.sty    
  keyval.sty    2014/10/28 v1.15 key=value parser (DPC)
  esdiff.sty    
  esvect.sty    
graphicx.sty    2019/11/30 v1.2a Enhanced LaTeX Graphics (DPC,SPQR)
graphics.sty    2019/11/30 v1.4a Standard LaTeX Graphics (DPC,SPQR)
    trig.sty    2016/01/03 v1.10 sin cos tan (DPC)
graphics.cfg    2016/06/04 v1.11 sample graphics configuration
  pdftex.def    2018/01/08 v1.0l Graphics/color driver for pdftex
microtype.sty    2019/11/18 v2.7d Micro-typographical refinements (RS)
microtype-pdftex.def    2019/11/18 v2.7d Definitions specific to pdftex (RS)
microtype.cfg    2019/11/18 v2.7d microtype main configuration file (RS)
  twoopt.sty    2016/05/16 v1.6 Definitions with two optional arguments (HO)
etoolbox.sty    2019/09/21 v2.5h e-TeX tools for LaTeX (JAW)
mathtools.sty    2020/03/24 v1.24 mathematical typesetting tools
    calc.sty    2017/05/25 v4.3 Infix arithmetic (KKT,FJ)
 mhsetup.sty    2017/03/31 v1.3 programming setup (MH)
 amsmath.sty    2020/01/20 v2.17e AMS math features
 amstext.sty    2000/06/29 v2.01 AMS text
  amsgen.sty    1999/11/30 v2.0 generic functions
  amsbsy.sty    1999/11/29 v1.2d Bold Symbols
  amsopn.sty    2016/03/08 v2.02 operator names
      fp.sty    1995/04/02
defpattern.sty    1994/10/12
fp-basic.sty    1996/05/13
fp-addons.sty    1995/03/15
 fp-snap.sty    1995/04/05
  fp-exp.sty    1995/04/03
fp-trigo.sty    1995/04/14
  fp-pas.sty    1994/08/29
fp-random.sty    1995/02/23
  fp-eqn.sty    1995/04/03
  fp-upn.sty    1996/10/21
 fp-eval.sty    1995/04/03
 wrapfig.sty    2003/01/31  v 3.6
fancyhdr.sty    2019/01/31 v3.10 Extensive control of page headers and footers
 vmargin.sty    2004/07/15 V2.5 set document margins (VK)
amsfonts.sty    2013/01/14 v3.01 Basic AMSFonts support
standalone.sty    2018/03/26 v1.3a Package to include TeX sub-files with preamb
les
shellesc.sty    2019/11/08 v1.0c unified shell escape interface for LaTeX
ifluatex.sty    2019/10/25 v1.5 ifluatex legacy package. Use iftex instead.
   iftex.sty    2020/03/06 v1.0d TeX engine tests
 xkeyval.sty    2014/12/03 v2.7a package option processing (HA)
 xkeyval.tex    2014/12/03 v2.7a key=value parser (HA)
currfile.sty    2015/04/23 v0.7c Provides the file path elements of the current
 input file
kvoptions.sty    2019/11/29 v3.13 Key value format for package options (HO)
 ltxcmds.sty    2019/12/15 v1.24 LaTeX kernel commands for general use (HO)
kvsetkeys.sty    2019/12/15 v1.18 Key value parser (HO)
filehook.sty    2020/02/03 v0.7 Hooks for input files
gincltex.sty    2011/09/04 v0.3 Include external LaTeX files like graphics
svn-prov.sty    2010/04/24 v3.1862 Package Date/Version from SVN Keywords
adjustbox.sty    2019/01/04 v1.2 Adjusting TeX boxes (trim, clip, ...)
 adjcalc.sty    2012/05/16 v1.1 Provides advanced setlength with multiple back-
ends (calc, etex, pgfmath)
trimclip.sty    2018/04/08 v1.1 Trim and clip general TeX material
collectbox.sty    2012/05/17 v0.4b Collect macro arguments as boxes
tc-pdftex.def    2019/01/04 v2.2 Clipping driver for pdftex
ifoddpage.sty    2016/04/23 v1.1 Conditionals for odd/even page detection
varwidth.sty    2009/03/30 ver 0.92;  Variable-width minipages
filemod-expmin.sty    2011/09/19 v1.2 Get and compare file modification times (
expandable; minimal)
   float.sty    2001/11/08 v1.3d Float enhancements (AL)
subfigure.sty    2002/03/15 v2.1.5 subfigure package
subfigure.cfg
tcolorbox.sty    2019/11/15 version 4.22 text color boxes
     pgf.sty    2020/01/08 v3.1.5b (3.1.5b)
  pgfrcs.sty    2020/01/08 v3.1.5b (3.1.5b)
everyshi.sty    2001/05/15 v3.00 EveryShipout Package (MS)
pgfrcs.code.tex
 pgfcore.sty    2020/01/08 v3.1.5b (3.1.5b)
  pgfsys.sty    2020/01/08 v3.1.5b (3.1.5b)
pgfsys.code.tex
pgfsyssoftpath.code.tex    2020/01/08 v3.1.5b (3.1.5b)
pgfsysprotocol.code.tex    2020/01/08 v3.1.5b (3.1.5b)
  xcolor.sty    2016/05/11 v2.12 LaTeX color extensions (UK)
   color.cfg    2016/01/02 v1.6 sample color configuration
pgfcore.code.tex
pgfcomp-version-0-65.sty    2020/01/08 v3.1.5b (3.1.5b)
pgfcomp-version-1-18.sty    2020/01/08 v3.1.5b (3.1.5b)
verbatim.sty    2019/11/10 v1.5r LaTeX2e package for verbatim enhancements
 environ.sty    2014/05/04 v0.3 A new way to define environments
trimspaces.sty    2009/09/17 v1.1 Trim spaces around a token list
atveryend.sty    2019-12-11 v1.11 Hooks at the very end of document (HO)
placeins.sty    2005/04/18  v 2.2
enumitem.sty    2019/06/20 v3.9 Customized lists
 caption.sty    2020/01/03 v3.4h Customizing captions (AR)
caption3.sty    2020/01/03 v1.8h caption3 kernel (AR)
  import.sty    2020/01/22  v 6.0
textcomp.sty    2020/02/02 v2.0n Standard LaTeX package
  cancel.sty    2013/04/12 v2.2 Cancel math terms
stackrel.sty    2016/05/16 v1.3 Adding subscript option to stackrel (HO)
etexcmds.sty    2019/12/15 v1.7 Avoid name clashes with e-TeX commands (HO)
infwarerr.sty    2019/12/03 v1.5 Providing info/warning/error messages (HO)
pdftexcmds.sty    2019/11/24 v0.31 Utility functions of pdfTeX for LuaTeX (HO)
 siunitx.sty    2020/02/25 v2.8b A comprehensive (SI) units package
   expl3.sty    2020-03-06 L3 programming layer (loader) 
l3backend-pdfmode.def    2020-03-12 L3 backend support: PDF mode
  xparse.sty    2020-03-06 L3 Experimental document command parser
   array.sty    2019/08/31 v2.4l Tabular extension package (FMi)
l3keys2e.sty    2020-03-06 LaTeX2e option processing using LaTeX3 keys
translator.sty    2019-05-31 v1.12a Easy translation of strings in LaTeX
 xstring.sty    2019/02/06 v1.83 String manipulations (CT)
  ifthen.sty    2014/09/29 v1.1c Standard LaTeX ifthen package (DPC)
  mhchem.sty    2018/06/22 v4.08 for typesetting chemical formulae
chemgreek.sty    2020/01/16 v1.1a interface for upright Greek letters for use i
n chemistry (CN)
 chemfig.sty    2020/03/05 v1.5 Draw molecule with an easy syntax (CT)
    tikz.sty    2020/01/08 v3.1.5b (3.1.5b)
  pgffor.sty    2020/01/08 v3.1.5b (3.1.5b)
 pgfkeys.sty    
pgfkeys.code.tex
 pgfmath.sty    
pgfmath.code.tex
pgffor.code.tex
tikz.code.tex
pgfplots.sty    2020/02/29 v1.17 Data Visualization (1.17)
listings.sty    2020/03/24 1.8d (Carsten Heinz)
 lstmisc.sty    2020/03/24 1.8d (Carsten Heinz)
listings.cfg    2020/03/24 1.8d listings configuration
lstlang1.sty    2020/03/24 1.8d listings language file
  ot1lmr.fd    2009/10/30 v1.6 Font defs for Latin Modern
  omllmm.fd    2009/10/30 v1.6 Font defs for Latin Modern
 omslmsy.fd    2009/10/30 v1.6 Font defs for Latin Modern
 omxlmex.fd    2009/10/30 v1.6 Font defs for Latin Modern
 uesvect.fd    
    umsa.fd    2013/01/14 v3.01 AMS symbols A
    umsb.fd    2013/01/14 v3.01 AMS symbols B
  t1lmtt.fd    2009/10/30 v1.6 Font defs for Latin Modern
  t1lmss.fd    2009/10/30 v1.6 Font defs for Latin Modern

==============================================================================
(mylatexformat)Info: start reading document "output"
(mylatexformat)      on input line 13. (\endofdump)
==============================================================================

LaTeX Warning: Unused global option(s):
    [onside].

No file output.aux.
\openout1 = `output.aux'.

LaTeX Font Info:    Checking defaults for OML/cmm/m/it on input line 94.
LaTeX Font Info:    ... okay on input line 94.
LaTeX Font Info:    Checking defaults for OMS/cmsy/m/n on input line 94.
LaTeX Font Info:    ... okay on input line 94.
LaTeX Font Info:    Checking defaults for OT1/cmr/m/n on input line 94.
LaTeX Font Info:    ... okay on input line 94.
LaTeX Font Info:    Checking defaults for T1/cmr/m/n on input line 94.
LaTeX Font Info:    ... okay on input line 94.
LaTeX Font Info:    Checking defaults for TS1/cmr/m/n on input line 94.
LaTeX Font Info:    ... okay on input line 94.
LaTeX Font Info:    Checking defaults for OMX/cmex/m/n on input line 94.
LaTeX Font Info:    ... okay on input line 94.
LaTeX Font Info:    Checking defaults for U/cmr/m/n on input line 94.
LaTeX Font Info:    ... okay on input line 94.
LaTeX Info: Redefining \degres on input line 94.
LaTeX Info: Redefining \dots on input line 94.
Package french.ldf Info: Setting StandardItemizeEnv=true for
(french.ldf)             compatibility with enumitem package,
(french.ldf)             reported on input line 94.
Package french.ldf Info: Setting StandardEnumerateEnv=true for
(french.ldf)             compatibility with enumitem package,
(french.ldf)             reported on input line 94.
LaTeX Info: Redefining \up on input line 94.
(/usr/local/texlive/2020/texmf-dist/tex/context/base/mkii/supp-pdf.mkii
[Loading MPS to PDF converter (version 2006.09.02).]
\scratchcounter=\count371
\scratchdimen=\dimen345
\scratchbox=\box113
\nofMPsegments=\count372
\nofMParguments=\count373
\everyMPshowfont=\toks53
\MPscratchCnt=\count374
\MPscratchDim=\dimen346
\MPnumerator=\count375
\makeMPintoPDFobject=\count376
\everyMPtoPDFconversion=\toks54
)
LaTeX Info: Redefining \microtypecontext on input line 94.
Package microtype Info: Generating PDF output.
Package microtype Info: Character protrusion enabled (level 2).
Package microtype Info: Using default protrusion set `alltext'.
Package microtype Info: Automatic font expansion enabled (level 2),
(microtype)             stretch: 20, shrink: 20, step: 1, non-selected.
Package microtype Info: Using default expansion set `basictext'.
LaTeX Info: Redefining \showhyphens on input line 94.
Package microtype Info: No adjustment of tracking.
Package microtype Info: No adjustment of interword spacing.
Package microtype Info: No adjustment of character kerning.
 (/usr/local/texlive/2020/texmf-dist/tex/latex/microtype/mt-cmr.cfg
File: mt-cmr.cfg 2013/05/19 v2.2 microtype config. file: Computer Modern Roman 
(RS)
)
ABD: EveryShipout initializing macros
Package caption Info: Begin \AtBeginDocument code.
Package caption Info: listings package is loaded.
Package caption Info: End \AtBeginDocument code.

(/usr/local/texlive/2020/texmf-dist/tex/latex/translator/translator-basic-dicti
onary-English.dict
Dictionary: translator-basic-dictionary, Language: English 
)
(/usr/local/texlive/2020/texmf-dist/tex/latex/siunitx/siunitx-abbreviations.cfg
File: siunitx-abbreviations.cfg 2017/11/26 v2.7k siunitx: Abbreviated units
)

Package chemgreek Info: Activating mapping `default' on line 94.



Package pgfplots Warning: running in backwards compatibility mode (unsuitable t
ick labels; missing features). Consider writing \pgfplotsset{compat=1.17} into 
your preamble.
 on input line 94.

\c@lstlisting=\count377
LaTeX Font Info:    Trying to load font information for TS1+lmr on input line 9
4.
(/usr/local/texlive/2020/texmf-dist/tex/latex/lm/ts1lmr.fd
File: ts1lmr.fd 2009/10/30 v1.6 Font defs for Latin Modern
)
(/usr/local/texlive/2020/texmf-dist/tex/latex/microtype/mt-msa.cfg
File: mt-msa.cfg 2006/02/04 v1.1 microtype config. file: AMS symbols (a) (RS)
)
(/usr/local/texlive/2020/texmf-dist/tex/latex/microtype/mt-msb.cfg
File: mt-msb.cfg 2005/06/01 v1.0 microtype config. file: AMS symbols (b) (RS)
)
LaTeX Font Info:    Trying to load font information for OT1+lmss on input line 
94.

(/usr/local/texlive/2020/texmf-dist/tex/latex/lm/ot1lmss.fd
File: ot1lmss.fd 2009/10/30 v1.6 Font defs for Latin Modern
)
Package microtype Info: Loading generic protrusion settings for font family
(microtype)             `lmss' (encoding: OT1).
(microtype)             For optimal results, create family-specific settings.
(microtype)             See the microtype manual for details.
LaTeX Font Info:    Trying to load font information for OT1+lmtt on input line 
94.

(/usr/local/texlive/2020/texmf-dist/tex/latex/lm/ot1lmtt.fd
File: ot1lmtt.fd 2009/10/30 v1.6 Font defs for Latin Modern
)
Package microtype Info: Loading generic protrusion settings for font family
(microtype)             `lmtt' (encoding: OT1).
(microtype)             For optimal results, create family-specific settings.
(microtype)             See the microtype manual for details.


LaTeX Warning: Reference `LastPage' on page 1 undefined on input line 103.

(/Users/mbrebion/prepa/bpep/exercices/TD/accelerateur_particules/sujet.tex
! Undefined control sequence.
<argument>  Mouvement d'un \proton 
                                   dans un cyclotron \niveauDeux 
l.2 ...'un \proton dans un cyclotron \niveauDeux }
                                                   
Here is how much of TeX's memory you used:
 1249 strings out of 440795
 21685 string characters out of 4951464
 1574048 words of memory out of 5000000
 56138 multiletter control sequences out of 15000+600000
 611656 words of font info for 73 fonts, out of 8000000 for 9000
 1141 hyphenation exceptions out of 8191
 35i,4n,47p,309b,170s stack positions out of 5000i,500n,10000p,200000b,80000s

!  ==> Fatal error occurred, no output PDF file produced!
